Performing C++ SOURCE FILE Test HAVE_DECLSPEC_NOINLINE failed with the following output:
Change Dir: /Users/zhenyiliu/git_repo/pbrt-v3-spectral/build/CMakeFiles/CMakeTmp

Run Build Command:"/usr/bin/xcodebuild" "-project" "CMAKE_TRY_COMPILE.xcodeproj" "build" "-target" "cmTC_39595" "-configuration" "Debug"
note: Using new build system
note: Planning build
note: Constructing build description
CreateBuildDirectory /Users/zhenyiliu/git_repo/pbrt-v3-spectral/build/CMakeFiles/CMakeTmp (in target: cmTC_39595)
    cd /Users/zhenyiliu/git_repo/pbrt-v3-spectral/build/CMakeFiles/CMakeTmp
    builtin-create-build-directory /Users/zhenyiliu/git_repo/pbrt-v3-spectral/build/CMakeFiles/CMakeTmp

WriteAuxiliaryFile /Users/zhenyiliu/git_repo/pbrt-v3-spectral/build/CMakeFiles/CMakeTmp/CMAKE_TRY_COMPILE.build/Debug/cmTC_39595.build/Objects-normal/x86_64/cmTC_39595.LinkFileList (in target: cmTC_39595)
    cd /Users/zhenyiliu/git_repo/pbrt-v3-spectral/build/CMakeFiles/CMakeTmp
    write-file /Users/zhenyiliu/git_repo/pbrt-v3-spectral/build/CMakeFiles/CMakeTmp/CMAKE_TRY_COMPILE.build/Debug/cmTC_39595.build/Objects-normal/x86_64/cmTC_39595.LinkFileList

CompileC /Users/zhenyiliu/git_repo/pbrt-v3-spectral/build/CMakeFiles/CMakeTmp/CMAKE_TRY_COMPILE.build/Debug/cmTC_39595.build/Objects-normal/x86_64/src.o /Users/zhenyiliu/git_repo/pbrt-v3-spectral/build/CMakeFiles/CMakeTmp/src.cxx normal x86_64 c++ com.apple.compilers.llvm.clang.1_0.compiler (in target: cmTC_39595)
    cd /Users/zhenyiliu/git_repo/pbrt-v3-spectral/build/CMakeFiles/CMakeTmp
    export LANG=en_US.US-ASCII
    /Applications/Xcode.app/Contents/Developer/Toolchains/XcodeDefault.xctoolchain/usr/bin/clang -x c++ -arch x86_64 -fmessage-length=0 -fdiagnostics-show-note-include-stack -fmacro-backtrace-limit=0 -Wno-trigraphs -fpascal-strings -O0 -Wno-missing-field-initializers -Wno-missing-prototypes -Wno-return-type -Wno-non-virtual-dtor -Wno-overloaded-virtual -Wno-exit-time-destructors -Wno-missing-braces -Wparentheses -Wswitch -Wno-unused-function -Wno-unused-label -Wno-unused-parameter -Wno-unused-variable -Wunused-value -Wno-empty-body -Wno-uninitialized -Wno-unknown-pragmas -Wno-shadow -Wno-four-char-constants -Wno-conversion -Wno-constant-conversion -Wno-int-conversion -Wno-bool-conversion -Wno-enum-conversion -Wno-float-conversion -Wno-non-literal-null-conversion -Wno-objc-literal-conversion -Wno-shorten-64-to-32 -Wno-newline-eof -Wno-c++11-extensions -DCMAKE_INTDIR=\"Debug\" -isysroot /Applications/Xcode.app/Contents/Developer/Platforms/MacOSX.platform/Developer/SDKs/MacOSX10.14.sdk -fasm-blocks -fstrict-aliasing -Wdeprecated-declarations -Winvalid-offsetof -mmacosx-version-min=10.14 -g -Wno-sign-conversion -Wno-infinite-recursion -Wno-move -Wno-comma -Wno-block-capture-autoreleasing -Wno-strict-prototypes -Wno-range-loop-analysis -Wno-semicolon-before-method-body -I/Users/zhenyiliu/git_repo/pbrt-v3-spectral/build/CMakeFiles/CMakeTmp/Debug/include -I/Users/zhenyiliu/git_repo/pbrt-v3-spectral/build/CMakeFiles/CMakeTmp/CMAKE_TRY_COMPILE.build/Debug/cmTC_39595.build/DerivedSources/x86_64 -I/Users/zhenyiliu/git_repo/pbrt-v3-spectral/build/CMakeFiles/CMakeTmp/CMAKE_TRY_COMPILE.build/Debug/cmTC_39595.build/DerivedSources -Wmost -Wno-four-char-constants -Wno-unknown-pragmas -F/Users/zhenyiliu/git_repo/pbrt-v3-spectral/build/CMakeFiles/CMakeTmp/Debug -std=c++11 -Wno-deprecated-register -DHAVE_DECLSPEC_NOINLINE -MMD -MT dependencies -MF /Users/zhenyiliu/git_repo/pbrt-v3-spectral/build/CMakeFiles/CMakeTmp/CMAKE_TRY_COMPILE.build/Debug/cmTC_39595.build/Objects-normal/x86_64/src.d --serialize-diagnostics /Users/zhenyiliu/git_repo/pbrt-v3-spectral/build/CMakeFiles/CMakeTmp/CMAKE_TRY_COMPILE.build/Debug/cmTC_39595.build/Objects-normal/x86_64/src.dia -c /Users/zhenyiliu/git_repo/pbrt-v3-spectral/build/CMakeFiles/CMakeTmp/src.cxx -o /Users/zhenyiliu/git_repo/pbrt-v3-spectral/build/CMakeFiles/CMakeTmp/CMAKE_TRY_COMPILE.build/Debug/cmTC_39595.build/Objects-normal/x86_64/src.o
/Users/zhenyiliu/git_repo/pbrt-v3-spectral/build/CMakeFiles/CMakeTmp/src.cxx:1:1: error: '__declspec' attributes are not enabled; use '-fdeclspec' or '-fms-extensions' to enable support for __declspec attributes
__declspec(noinline) void foo() { }
^
1 error generated.

** BUILD FAILED **


The following build commands failed:
	CompileC /Users/zhenyiliu/git_repo/pbrt-v3-spectral/build/CMakeFiles/CMakeTmp/CMAKE_TRY_COMPILE.build/Debug/cmTC_39595.build/Objects-normal/x86_64/src.o /Users/zhenyiliu/git_repo/pbrt-v3-spectral/build/CMakeFiles/CMakeTmp/src.cxx normal x86_64 c++ com.apple.compilers.llvm.clang.1_0.compiler
(1 failure)

Source file was:
__declspec(noinline) void foo() { }
int main() { }
Performing C++ SOURCE FILE Test HAVE__ALIGNED_MALLOC failed with the following output:
Change Dir: /Users/zhenyiliu/git_repo/pbrt-v3-spectral/build/CMakeFiles/CMakeTmp

Run Build Command:"/usr/bin/xcodebuild" "-project" "CMAKE_TRY_COMPILE.xcodeproj" "build" "-target" "cmTC_5c94b" "-configuration" "Debug"
note: Using new build system
note: Planning build
note: Constructing build description
CreateBuildDirectory /Users/zhenyiliu/git_repo/pbrt-v3-spectral/build/CMakeFiles/CMakeTmp (in target: cmTC_5c94b)
    cd /Users/zhenyiliu/git_repo/pbrt-v3-spectral/build/CMakeFiles/CMakeTmp
    builtin-create-build-directory /Users/zhenyiliu/git_repo/pbrt-v3-spectral/build/CMakeFiles/CMakeTmp

CompileC /Users/zhenyiliu/git_repo/pbrt-v3-spectral/build/CMakeFiles/CMakeTmp/CMAKE_TRY_COMPILE.build/Debug/cmTC_5c94b.build/Objects-normal/x86_64/src.o /Users/zhenyiliu/git_repo/pbrt-v3-spectral/build/CMakeFiles/CMakeTmp/src.cxx normal x86_64 c++ com.apple.compilers.llvm.clang.1_0.compiler (in target: cmTC_5c94b)
    cd /Users/zhenyiliu/git_repo/pbrt-v3-spectral/build/CMakeFiles/CMakeTmp
    export LANG=en_US.US-ASCII
    /Applications/Xcode.app/Contents/Developer/Toolchains/XcodeDefault.xctoolchain/usr/bin/clang -x c++ -arch x86_64 -fmessage-length=0 -fdiagnostics-show-note-include-stack -fmacro-backtrace-limit=0 -Wno-trigraphs -fpascal-strings -O0 -Wno-missing-field-initializers -Wno-missing-prototypes -Wno-return-type -Wno-non-virtual-dtor -Wno-overloaded-virtual -Wno-exit-time-destructors -Wno-missing-braces -Wparentheses -Wswitch -Wno-unused-function -Wno-unused-label -Wno-unused-parameter -Wno-unused-variable -Wunused-value -Wno-empty-body -Wno-uninitialized -Wno-unknown-pragmas -Wno-shadow -Wno-four-char-constants -Wno-conversion -Wno-constant-conversion -Wno-int-conversion -Wno-bool-conversion -Wno-enum-conversion -Wno-float-conversion -Wno-non-literal-null-conversion -Wno-objc-literal-conversion -Wno-shorten-64-to-32 -Wno-newline-eof -Wno-c++11-extensions -DCMAKE_INTDIR=\"Debug\" -isysroot /Applications/Xcode.app/Contents/Developer/Platforms/MacOSX.platform/Developer/SDKs/MacOSX10.14.sdk -fasm-blocks -fstrict-aliasing -Wdeprecated-declarations -Winvalid-offsetof -mmacosx-version-min=10.14 -g -Wno-sign-conversion -Wno-infinite-recursion -Wno-move -Wno-comma -Wno-block-capture-autoreleasing -Wno-strict-prototypes -Wno-range-loop-analysis -Wno-semicolon-before-method-body -I/Users/zhenyiliu/git_repo/pbrt-v3-spectral/build/CMakeFiles/CMakeTmp/Debug/include -I/Users/zhenyiliu/git_repo/pbrt-v3-spectral/build/CMakeFiles/CMakeTmp/CMAKE_TRY_COMPILE.build/Debug/cmTC_5c94b.build/DerivedSources/x86_64 -I/Users/zhenyiliu/git_repo/pbrt-v3-spectral/build/CMakeFiles/CMakeTmp/CMAKE_TRY_COMPILE.build/Debug/cmTC_5c94b.build/DerivedSources -Wmost -Wno-four-char-constants -Wno-unknown-pragmas -F/Users/zhenyiliu/git_repo/pbrt-v3-spectral/build/CMakeFiles/CMakeTmp/Debug -std=c++11 -Wno-deprecated-register -DHAVE__ALIGNED_MALLOC -MMD -MT dependencies -MF /Users/zhenyiliu/git_repo/pbrt-v3-spectral/build/CMakeFiles/CMakeTmp/CMAKE_TRY_COMPILE.build/Debug/cmTC_5c94b.build/Objects-normal/x86_64/src.d --serialize-diagnostics /Users/zhenyiliu/git_repo/pbrt-v3-spectral/build/CMakeFiles/CMakeTmp/CMAKE_TRY_COMPILE.build/Debug/cmTC_5c94b.build/Objects-normal/x86_64/src.dia -c /Users/zhenyiliu/git_repo/pbrt-v3-spectral/build/CMakeFiles/CMakeTmp/src.cxx -o /Users/zhenyiliu/git_repo/pbrt-v3-spectral/build/CMakeFiles/CMakeTmp/CMAKE_TRY_COMPILE.build/Debug/cmTC_5c94b.build/Objects-normal/x86_64/src.o
/Users/zhenyiliu/git_repo/pbrt-v3-spectral/build/CMakeFiles/CMakeTmp/src.cxx:2:10: fatal error: 'malloc.h' file not found
#include <malloc.h>
         ^~~~~~~~~~
1 error generated.

WriteAuxiliaryFile /Users/zhenyiliu/git_repo/pbrt-v3-spectral/build/CMakeFiles/CMakeTmp/CMAKE_TRY_COMPILE.build/Debug/cmTC_5c94b.build/Objects-normal/x86_64/cmTC_5c94b.LinkFileList (in target: cmTC_5c94b)
    cd /Users/zhenyiliu/git_repo/pbrt-v3-spectral/build/CMakeFiles/CMakeTmp
    write-file /Users/zhenyiliu/git_repo/pbrt-v3-spectral/build/CMakeFiles/CMakeTmp/CMAKE_TRY_COMPILE.build/Debug/cmTC_5c94b.build/Objects-normal/x86_64/cmTC_5c94b.LinkFileList

** BUILD FAILED **


The following build commands failed:
	CompileC /Users/zhenyiliu/git_repo/pbrt-v3-spectral/build/CMakeFiles/CMakeTmp/CMAKE_TRY_COMPILE.build/Debug/cmTC_5c94b.build/Objects-normal/x86_64/src.o /Users/zhenyiliu/git_repo/pbrt-v3-spectral/build/CMakeFiles/CMakeTmp/src.cxx normal x86_64 c++ com.apple.compilers.llvm.clang.1_0.compiler
(1 failure)

Source file was:

#include <malloc.h>
int main() { void * ptr = _aligned_malloc(1024, 32); }

Performing C++ SOURCE FILE Test HAVE_MEMALIGN failed with the following output:
Change Dir: /Users/zhenyiliu/git_repo/pbrt-v3-spectral/build/CMakeFiles/CMakeTmp

Run Build Command:"/usr/bin/xcodebuild" "-project" "CMAKE_TRY_COMPILE.xcodeproj" "build" "-target" "cmTC_abe77" "-configuration" "Debug"
note: Using new build system
note: Planning build
note: Constructing build description
CreateBuildDirectory /Users/zhenyiliu/git_repo/pbrt-v3-spectral/build/CMakeFiles/CMakeTmp (in target: cmTC_abe77)
    cd /Users/zhenyiliu/git_repo/pbrt-v3-spectral/build/CMakeFiles/CMakeTmp
    builtin-create-build-directory /Users/zhenyiliu/git_repo/pbrt-v3-spectral/build/CMakeFiles/CMakeTmp

WriteAuxiliaryFile /Users/zhenyiliu/git_repo/pbrt-v3-spectral/build/CMakeFiles/CMakeTmp/CMAKE_TRY_COMPILE.build/Debug/cmTC_abe77.build/Objects-normal/x86_64/cmTC_abe77.LinkFileList (in target: cmTC_abe77)
    cd /Users/zhenyiliu/git_repo/pbrt-v3-spectral/build/CMakeFiles/CMakeTmp
    write-file /Users/zhenyiliu/git_repo/pbrt-v3-spectral/build/CMakeFiles/CMakeTmp/CMAKE_TRY_COMPILE.build/Debug/cmTC_abe77.build/Objects-normal/x86_64/cmTC_abe77.LinkFileList

CompileC /Users/zhenyiliu/git_repo/pbrt-v3-spectral/build/CMakeFiles/CMakeTmp/CMAKE_TRY_COMPILE.build/Debug/cmTC_abe77.build/Objects-normal/x86_64/src.o /Users/zhenyiliu/git_repo/pbrt-v3-spectral/build/CMakeFiles/CMakeTmp/src.cxx normal x86_64 c++ com.apple.compilers.llvm.clang.1_0.compiler (in target: cmTC_abe77)
    cd /Users/zhenyiliu/git_repo/pbrt-v3-spectral/build/CMakeFiles/CMakeTmp
    export LANG=en_US.US-ASCII
    /Applications/Xcode.app/Contents/Developer/Toolchains/XcodeDefault.xctoolchain/usr/bin/clang -x c++ -arch x86_64 -fmessage-length=0 -fdiagnostics-show-note-include-stack -fmacro-backtrace-limit=0 -Wno-trigraphs -fpascal-strings -O0 -Wno-missing-field-initializers -Wno-missing-prototypes -Wno-return-type -Wno-non-virtual-dtor -Wno-overloaded-virtual -Wno-exit-time-destructors -Wno-missing-braces -Wparentheses -Wswitch -Wno-unused-function -Wno-unused-label -Wno-unused-parameter -Wno-unused-variable -Wunused-value -Wno-empty-body -Wno-uninitialized -Wno-unknown-pragmas -Wno-shadow -Wno-four-char-constants -Wno-conversion -Wno-constant-conversion -Wno-int-conversion -Wno-bool-conversion -Wno-enum-conversion -Wno-float-conversion -Wno-non-literal-null-conversion -Wno-objc-literal-conversion -Wno-shorten-64-to-32 -Wno-newline-eof -Wno-c++11-extensions -DCMAKE_INTDIR=\"Debug\" -isysroot /Applications/Xcode.app/Contents/Developer/Platforms/MacOSX.platform/Developer/SDKs/MacOSX10.14.sdk -fasm-blocks -fstrict-aliasing -Wdeprecated-declarations -Winvalid-offsetof -mmacosx-version-min=10.14 -g -Wno-sign-conversion -Wno-infinite-recursion -Wno-move -Wno-comma -Wno-block-capture-autoreleasing -Wno-strict-prototypes -Wno-range-loop-analysis -Wno-semicolon-before-method-body -I/Users/zhenyiliu/git_repo/pbrt-v3-spectral/build/CMakeFiles/CMakeTmp/Debug/include -I/Users/zhenyiliu/git_repo/pbrt-v3-spectral/build/CMakeFiles/CMakeTmp/CMAKE_TRY_COMPILE.build/Debug/cmTC_abe77.build/DerivedSources/x86_64 -I/Users/zhenyiliu/git_repo/pbrt-v3-spectral/build/CMakeFiles/CMakeTmp/CMAKE_TRY_COMPILE.build/Debug/cmTC_abe77.build/DerivedSources -Wmost -Wno-four-char-constants -Wno-unknown-pragmas -F/Users/zhenyiliu/git_repo/pbrt-v3-spectral/build/CMakeFiles/CMakeTmp/Debug -std=c++11 -Wno-deprecated-register -DHAVE_MEMALIGN -MMD -MT dependencies -MF /Users/zhenyiliu/git_repo/pbrt-v3-spectral/build/CMakeFiles/CMakeTmp/CMAKE_TRY_COMPILE.build/Debug/cmTC_abe77.build/Objects-normal/x86_64/src.d --serialize-diagnostics /Users/zhenyiliu/git_repo/pbrt-v3-spectral/build/CMakeFiles/CMakeTmp/CMAKE_TRY_COMPILE.build/Debug/cmTC_abe77.build/Objects-normal/x86_64/src.dia -c /Users/zhenyiliu/git_repo/pbrt-v3-spectral/build/CMakeFiles/CMakeTmp/src.cxx -o /Users/zhenyiliu/git_repo/pbrt-v3-spectral/build/CMakeFiles/CMakeTmp/CMAKE_TRY_COMPILE.build/Debug/cmTC_abe77.build/Objects-normal/x86_64/src.o
/Users/zhenyiliu/git_repo/pbrt-v3-spectral/build/CMakeFiles/CMakeTmp/src.cxx:2:10: fatal error: 
'malloc.h' file not found
#include <malloc.h>
         ^~~~~~~~~~

1 error generated.

** BUILD FAILED **


The following build commands failed:
	CompileC /Users/zhenyiliu/git_repo/pbrt-v3-spectral/build/CMakeFiles/CMakeTmp/CMAKE_TRY_COMPILE.build/Debug/cmTC_abe77.build/Objects-normal/x86_64/src.o /Users/zhenyiliu/git_repo/pbrt-v3-spectral/build/CMakeFiles/CMakeTmp/src.cxx normal x86_64 c++ com.apple.compilers.llvm.clang.1_0.compiler
(1 failure)

Source file was:

#include <malloc.h>
int main() {
    void *ptr = memalign(32, 1024);
} 
Performing C++ SOURCE FILE Test HAVE_DECLSPEC_THREAD failed with the following output:
Change Dir: /Users/zhenyiliu/git_repo/pbrt-v3-spectral/build/CMakeFiles/CMakeTmp

Run Build Command:"/usr/bin/xcodebuild" "-project" "CMAKE_TRY_COMPILE.xcodeproj" "build" "-target" "cmTC_f9fec" "-configuration" "Debug"
note: Using new build system
note: Planning build
note: Constructing build description
CreateBuildDirectory /Users/zhenyiliu/git_repo/pbrt-v3-spectral/build/CMakeFiles/CMakeTmp (in target: cmTC_f9fec)
    cd /Users/zhenyiliu/git_repo/pbrt-v3-spectral/build/CMakeFiles/CMakeTmp
    builtin-create-build-directory /Users/zhenyiliu/git_repo/pbrt-v3-spectral/build/CMakeFiles/CMakeTmp

WriteAuxiliaryFile /Users/zhenyiliu/git_repo/pbrt-v3-spectral/build/CMakeFiles/CMakeTmp/CMAKE_TRY_COMPILE.build/Debug/cmTC_f9fec.build/Objects-normal/x86_64/cmTC_f9fec.LinkFileList (in target: cmTC_f9fec)
    cd /Users/zhenyiliu/git_repo/pbrt-v3-spectral/build/CMakeFiles/CMakeTmp
    write-file /Users/zhenyiliu/git_repo/pbrt-v3-spectral/build/CMakeFiles/CMakeTmp/CMAKE_TRY_COMPILE.build/Debug/cmTC_f9fec.build/Objects-normal/x86_64/cmTC_f9fec.LinkFileList

CompileC /Users/zhenyiliu/git_repo/pbrt-v3-spectral/build/CMakeFiles/CMakeTmp/CMAKE_TRY_COMPILE.build/Debug/cmTC_f9fec.build/Objects-normal/x86_64/src.o /Users/zhenyiliu/git_repo/pbrt-v3-spectral/build/CMakeFiles/CMakeTmp/src.cxx normal x86_64 c++ com.apple.compilers.llvm.clang.1_0.compiler (in target: cmTC_f9fec)
    cd /Users/zhenyiliu/git_repo/pbrt-v3-spectral/build/CMakeFiles/CMakeTmp
    export LANG=en_US.US-ASCII
    /Applications/Xcode.app/Contents/Developer/Toolchains/XcodeDefault.xctoolchain/usr/bin/clang -x c++ -arch x86_64 -fmessage-length=0 -fdiagnostics-show-note-include-stack -fmacro-backtrace-limit=0 -Wno-trigraphs -fpascal-strings -O0 -Wno-missing-field-initializers -Wno-missing-prototypes -Wno-return-type -Wno-non-virtual-dtor -Wno-overloaded-virtual -Wno-exit-time-destructors -Wno-missing-braces -Wparentheses -Wswitch -Wno-unused-function -Wno-unused-label -Wno-unused-parameter -Wno-unused-variable -Wunused-value -Wno-empty-body -Wno-uninitialized -Wno-unknown-pragmas -Wno-shadow -Wno-four-char-constants -Wno-conversion -Wno-constant-conversion -Wno-int-conversion -Wno-bool-conversion -Wno-enum-conversion -Wno-float-conversion -Wno-non-literal-null-conversion -Wno-objc-literal-conversion -Wno-shorten-64-to-32 -Wno-newline-eof -Wno-c++11-extensions -DCMAKE_INTDIR=\"Debug\" -isysroot /Applications/Xcode.app/Contents/Developer/Platforms/MacOSX.platform/Developer/SDKs/MacOSX10.14.sdk -fasm-blocks -fstrict-aliasing -Wdeprecated-declarations -Winvalid-offsetof -mmacosx-version-min=10.14 -g -Wno-sign-conversion -Wno-infinite-recursion -Wno-move -Wno-comma -Wno-block-capture-autoreleasing -Wno-strict-prototypes -Wno-range-loop-analysis -Wno-semicolon-before-method-body -I/Users/zhenyiliu/git_repo/pbrt-v3-spectral/build/CMakeFiles/CMakeTmp/Debug/include -I/Users/zhenyiliu/git_repo/pbrt-v3-spectral/build/CMakeFiles/CMakeTmp/CMAKE_TRY_COMPILE.build/Debug/cmTC_f9fec.build/DerivedSources/x86_64 -I/Users/zhenyiliu/git_repo/pbrt-v3-spectral/build/CMakeFiles/CMakeTmp/CMAKE_TRY_COMPILE.build/Debug/cmTC_f9fec.build/DerivedSources -Wmost -Wno-four-char-constants -Wno-unknown-pragmas -F/Users/zhenyiliu/git_repo/pbrt-v3-spectral/build/CMakeFiles/CMakeTmp/Debug -std=c++11 -Wno-deprecated-register -DHAVE_DECLSPEC_THREAD -MMD -MT dependencies -MF /Users/zhenyiliu/git_repo/pbrt-v3-spectral/build/CMakeFiles/CMakeTmp/CMAKE_TRY_COMPILE.build/Debug/cmTC_f9fec.build/Objects-normal/x86_64/src.d --serialize-diagnostics /Users/zhenyiliu/git_repo/pbrt-v3-spectral/build/CMakeFiles/CMakeTmp/CMAKE_TRY_COMPILE.build/Debug/cmTC_f9fec.build/Objects-normal/x86_64/src.dia -c /Users/zhenyiliu/git_repo/pbrt-v3-spectral/build/CMakeFiles/CMakeTmp/src.cxx -o /Users/zhenyiliu/git_repo/pbrt-v3-spectral/build/CMakeFiles/CMakeTmp/CMAKE_TRY_COMPILE.build/Debug/cmTC_f9fec.build/Objects-normal/x86_64/src.o
/Users/zhenyiliu/git_repo/pbrt-v3-spectral/build/CMakeFiles/CMakeTmp/src.cxx:2:1: error: '__declspec' attributes are not enabled; use '-fdeclspec' or '-fms-extensions' to enable support for __declspec attributes
__declspec(thread) int x; int main() { }
^
1 error generated.

** BUILD FAILED **


The following build commands failed:
	CompileC /Users/zhenyiliu/git_repo/pbrt-v3-spectral/build/CMakeFiles/CMakeTmp/CMAKE_TRY_COMPILE.build/Debug/cmTC_f9fec.build/Objects-normal/x86_64/src.o /Users/zhenyiliu/git_repo/pbrt-v3-spectral/build/CMakeFiles/CMakeTmp/src.cxx normal x86_64 c++ com.apple.compilers.llvm.clang.1_0.compiler
(1 failure)

Source file was:

__declspec(thread) int x; int main() { }

Determining if the include file syscall.h exists failed with the following output:
Change Dir: /Users/zhenyiliu/git_repo/pbrt-v3-spectral/build/CMakeFiles/CMakeTmp

Run Build Command:"/usr/bin/xcodebuild" "-project" "CMAKE_TRY_COMPILE.xcodeproj" "build" "-target" "cmTC_5d92a" "-configuration" "Debug"
note: Using new build system
note: Planning build
note: Constructing build description
CreateBuildDirectory /Users/zhenyiliu/git_repo/pbrt-v3-spectral/build/CMakeFiles/CMakeTmp (in target: cmTC_5d92a)
    cd /Users/zhenyiliu/git_repo/pbrt-v3-spectral/build/CMakeFiles/CMakeTmp
    builtin-create-build-directory /Users/zhenyiliu/git_repo/pbrt-v3-spectral/build/CMakeFiles/CMakeTmp

CompileC /Users/zhenyiliu/git_repo/pbrt-v3-spectral/build/CMakeFiles/CMakeTmp/CMAKE_TRY_COMPILE.build/Debug/cmTC_5d92a.build/Objects-normal/x86_64/CheckIncludeFile.o /Users/zhenyiliu/git_repo/pbrt-v3-spectral/build/CMakeFiles/CMakeTmp/CheckIncludeFile.c normal x86_64 c com.apple.compilers.llvm.clang.1_0.compiler (in target: cmTC_5d92a)
    cd /Users/zhenyiliu/git_repo/pbrt-v3-spectral/build/CMakeFiles/CMakeTmp
    export LANG=en_US.US-ASCII
    /Applications/Xcode.app/Contents/Developer/Toolchains/XcodeDefault.xctoolchain/usr/bin/clang -x c -arch x86_64 -fmessage-length=0 -fdiagnostics-show-note-include-stack -fmacro-backtrace-limit=0 -Wno-trigraphs -fpascal-strings -O0 -Wno-missing-field-initializers -Wno-missing-prototypes -Wno-return-type -Wno-missing-braces -Wparentheses -Wswitch -Wno-unused-function -Wno-unused-label -Wno-unused-parameter -Wno-unused-variable -Wunused-value -Wno-empty-body -Wno-uninitialized -Wno-unknown-pragmas -Wno-shadow -Wno-four-char-constants -Wno-conversion -Wno-constant-conversion -Wno-int-conversion -Wno-bool-conversion -Wno-enum-conversion -Wno-float-conversion -Wno-non-literal-null-conversion -Wno-objc-literal-conversion -Wno-shorten-64-to-32 -Wpointer-sign -Wno-newline-eof -DCMAKE_INTDIR=\"Debug\" -isysroot /Applications/Xcode.app/Contents/Developer/Platforms/MacOSX.platform/Developer/SDKs/MacOSX10.14.sdk -fasm-blocks -fstrict-aliasing -Wdeprecated-declarations -mmacosx-version-min=10.14 -g -Wno-sign-conversion -Wno-infinite-recursion -Wno-comma -Wno-block-capture-autoreleasing -Wno-strict-prototypes -Wno-semicolon-before-method-body -I/Users/zhenyiliu/git_repo/pbrt-v3-spectral/build/CMakeFiles/CMakeTmp/Debug/include -I/Users/zhenyiliu/git_repo/pbrt-v3-spectral/build/CMakeFiles/CMakeTmp/CMAKE_TRY_COMPILE.build/Debug/cmTC_5d92a.build/DerivedSources/x86_64 -I/Users/zhenyiliu/git_repo/pbrt-v3-spectral/build/CMakeFiles/CMakeTmp/CMAKE_TRY_COMPILE.build/Debug/cmTC_5d92a.build/DerivedSources -Wmost -Wno-four-char-constants -Wno-unknown-pragmas -F/Users/zhenyiliu/git_repo/pbrt-v3-spectral/build/CMakeFiles/CMakeTmp/Debug -MMD -MT dependencies -MF /Users/zhenyiliu/git_repo/pbrt-v3-spectral/build/CMakeFiles/CMakeTmp/CMAKE_TRY_COMPILE.build/Debug/cmTC_5d92a.build/Objects-normal/x86_64/CheckIncludeFile.d --serialize-diagnostics /Users/zhenyiliu/git_repo/pbrt-v3-spectral/build/CMakeFiles/CMakeTmp/CMAKE_TRY_COMPILE.build/Debug/cmTC_5d92a.build/Objects-normal/x86_64/CheckIncludeFile.dia -c /Users/zhenyiliu/git_repo/pbrt-v3-spectral/build/CMakeFiles/CMakeTmp/CheckIncludeFile.c -o /Users/zhenyiliu/git_repo/pbrt-v3-spectral/build/CMakeFiles/CMakeTmp/CMAKE_TRY_COMPILE.build/Debug/cmTC_5d92a.build/Objects-normal/x86_64/CheckIncludeFile.o
/Users/zhenyiliu/git_repo/pbrt-v3-spectral/build/CMakeFiles/CMakeTmp/CheckIncludeFile.c:1:10: fatal error: 'syscall.h' file not found
#include <syscall.h>
         ^~~~~~~~~~~

1 error generated
.

WriteAuxiliaryFile /Users/zhenyiliu/git_repo/pbrt-v3-spectral/build/CMakeFiles/CMakeTmp/CMAKE_TRY_COMPILE.build/Debug/cmTC_5d92a.build/Objects-normal/x86_64/cmTC_5d92a.LinkFileList (in target: cmTC_5d92a)
    cd /Users/zhenyiliu/git_repo/pbrt-v3-spectral/build/CMakeFiles/CMakeTmp
    write-file /Users/zhenyiliu/git_repo/pbrt-v3-spectral/build/CMakeFiles/CMakeTmp/CMAKE_TRY_COMPILE.build/Debug/cmTC_5d92a.build/Objects-normal/x86_64/cmTC_5d92a.LinkFileList

** BUILD FAILED **


The following build commands failed:
	CompileC /Users/zhenyiliu/git_repo/pbrt-v3-spectral/build/CMakeFiles/CMakeTmp/CMAKE_TRY_COMPILE.build/Debug/cmTC_5d92a.build/Objects-normal/x86_64/CheckIncludeFile.o /Users/zhenyiliu/git_repo/pbrt-v3-spectral/build/CMakeFiles/CMakeTmp/CheckIncludeFile.c normal x86_64 c com.apple.compilers.llvm.clang.1_0.compiler
(1 failure)


Determining if the include file ucontext.h exists failed with the following output:
Change Dir: /Users/zhenyiliu/git_repo/pbrt-v3-spectral/build/CMakeFiles/CMakeTmp

Run Build Command:"/usr/bin/xcodebuild" "-project" "CMAKE_TRY_COMPILE.xcodeproj" "build" "-target" "cmTC_77b1d" "-configuration" "Debug"
note: Using new build system
note: Planning build
note: Constructing build description
CreateBuildDirectory /Users/zhenyiliu/git_repo/pbrt-v3-spectral/build/CMakeFiles/CMakeTmp (in target: cmTC_77b1d)
    cd /Users/zhenyiliu/git_repo/pbrt-v3-spectral/build/CMakeFiles/CMakeTmp
    builtin-create-build-directory /Users/zhenyiliu/git_repo/pbrt-v3-spectral/build/CMakeFiles/CMakeTmp

WriteAuxiliaryFile /Users/zhenyiliu/git_repo/pbrt-v3-spectral/build/CMakeFiles/CMakeTmp/CMAKE_TRY_COMPILE.build/Debug/cmTC_77b1d.build/Objects-normal/x86_64/cmTC_77b1d.LinkFileList (in target: cmTC_77b1d)
    cd /Users/zhenyiliu/git_repo/pbrt-v3-spectral/build/CMakeFiles/CMakeTmp
    write-file /Users/zhenyiliu/git_repo/pbrt-v3-spectral/build/CMakeFiles/CMakeTmp/CMAKE_TRY_COMPILE.build/Debug/cmTC_77b1d.build/Objects-normal/x86_64/cmTC_77b1d.LinkFileList

CompileC /Users/zhenyiliu/git_repo/pbrt-v3-spectral/build/CMakeFiles/CMakeTmp/CMAKE_TRY_COMPILE.build/Debug/cmTC_77b1d.build/Objects-normal/x86_64/CheckIncludeFile.o /Users/zhenyiliu/git_repo/pbrt-v3-spectral/build/CMakeFiles/CMakeTmp/CheckIncludeFile.c normal x86_64 c com.apple.compilers.llvm.clang.1_0.compiler (in target: cmTC_77b1d)
    cd /Users/zhenyiliu/git_repo/pbrt-v3-spectral/build/CMakeFiles/CMakeTmp
    export LANG=en_US.US-ASCII
    /Applications/Xcode.app/Contents/Developer/Toolchains/XcodeDefault.xctoolchain/usr/bin/clang -x c -arch x86_64 -fmessage-length=0 -fdiagnostics-show-note-include-stack -fmacro-backtrace-limit=0 -Wno-trigraphs -fpascal-strings -O0 -Wno-missing-field-initializers -Wno-missing-prototypes -Wno-return-type -Wno-missing-braces -Wparentheses -Wswitch -Wno-unused-function -Wno-unused-label -Wno-unused-parameter -Wno-unused-variable -Wunused-value -Wno-empty-body -Wno-uninitialized -Wno-unknown-pragmas -Wno-shadow -Wno-four-char-constants -Wno-conversion -Wno-constant-conversion -Wno-int-conversion -Wno-bool-conversion -Wno-enum-conversion -Wno-float-conversion -Wno-non-literal-null-conversion -Wno-objc-literal-conversion -Wno-shorten-64-to-32 -Wpointer-sign -Wno-newline-eof -DCMAKE_INTDIR=\"Debug\" -isysroot /Applications/Xcode.app/Contents/Developer/Platforms/MacOSX.platform/Developer/SDKs/MacOSX10.14.sdk -fasm-blocks -fstrict-aliasing -Wdeprecated-declarations -mmacosx-version-min=10.14 -g -Wno-sign-conversion -Wno-infinite-recursion -Wno-comma -Wno-block-capture-autoreleasing -Wno-strict-prototypes -Wno-semicolon-before-method-body -I/Users/zhenyiliu/git_repo/pbrt-v3-spectral/build/CMakeFiles/CMakeTmp/Debug/include -I/Users/zhenyiliu/git_repo/pbrt-v3-spectral/build/CMakeFiles/CMakeTmp/CMAKE_TRY_COMPILE.build/Debug/cmTC_77b1d.build/DerivedSources/x86_64 -I/Users/zhenyiliu/git_repo/pbrt-v3-spectral/build/CMakeFiles/CMakeTmp/CMAKE_TRY_COMPILE.build/Debug/cmTC_77b1d.build/DerivedSources -Wmost -Wno-four-char-constants -Wno-unknown-pragmas -F/Users/zhenyiliu/git_repo/pbrt-v3-spectral/build/CMakeFiles/CMakeTmp/Debug -MMD -MT dependencies -MF /Users/zhenyiliu/git_repo/pbrt-v3-spectral/build/CMakeFiles/CMakeTmp/CMAKE_TRY_COMPILE.build/Debug/cmTC_77b1d.build/Objects-normal/x86_64/CheckIncludeFile.d --serialize-diagnostics /Users/zhenyiliu/git_repo/pbrt-v3-spectral/build/CMakeFiles/CMakeTmp/CMAKE_TRY_COMPILE.build/Debug/cmTC_77b1d.build/Objects-normal/x86_64/CheckIncludeFile.dia -c /Users/zhenyiliu/git_repo/pbrt-v3-spectral/build/CMakeFiles/CMakeTmp/CheckIncludeFile.c -o /Users/zhenyiliu/git_repo/pbrt-v3-spectral/build/CMakeFiles/CMakeTmp/CMAKE_TRY_COMPILE.build/Debug/cmTC_77b1d.build/Objects-normal/x86_64/CheckIncludeFile.o
In file included from /Users/zhenyiliu/git_repo/pbrt-v3-spectral/build/CMakeFiles/CMakeTmp/CheckIncludeFile.c:1:
/Applications/Xcode.app/Contents/Developer/Platforms/MacOSX.platform/Developer/SDKs/MacOSX10.14.sdk/usr/include/ucontext.h:43:2: 
error: The deprecated ucontext routines require _XOPEN_SOURCE to be defined
#error The deprecated ucontext routines require _XOPEN_SOURCE to be defined
 ^
1 error generated.

** BUILD FAILED **


The following build commands failed:
	CompileC /Users/zhenyiliu/git_repo/pbrt-v3-spectral/build/CMakeFiles/CMakeTmp/CMAKE_TRY_COMPILE.build/Debug/cmTC_77b1d.build/Objects-normal/x86_64/CheckIncludeFile.o /Users/zhenyiliu/git_repo/pbrt-v3-spectral/build/CMakeFiles/CMakeTmp/CheckIncludeFile.c normal x86_64 c com.apple.compilers.llvm.clang.1_0.compiler
(1 failure)


Determining if the include file ext/slist exists failed with the following output:
Change Dir: /Users/zhenyiliu/git_repo/pbrt-v3-spectral/build/CMakeFiles/CMakeTmp

Run Build Command:"/usr/bin/xcodebuild" "-project" "CMAKE_TRY_COMPILE.xcodeproj" "build" "-target" "cmTC_7f542" "-configuration" "Debug"
note: Using new build system
note: Planning build
note: Constructing build description
CreateBuildDirectory /Users/zhenyiliu/git_repo/pbrt-v3-spectral/build/CMakeFiles/CMakeTmp (in target: cmTC_7f542)
    cd /Users/zhenyiliu/git_repo/pbrt-v3-spectral/build/CMakeFiles/CMakeTmp
    builtin-create-build-directory /Users/zhenyiliu/git_repo/pbrt-v3-spectral/build/CMakeFiles/CMakeTmp

CompileC /Users/zhenyiliu/git_repo/pbrt-v3-spectral/build/CMakeFiles/CMakeTmp/CMAKE_TRY_COMPILE.build/Debug/cmTC_7f542.build/Objects-normal/x86_64/CheckIncludeFile.o /Users/zhenyiliu/git_repo/pbrt-v3-spectral/build/CMakeFiles/CMakeTmp/CheckIncludeFile.cxx normal x86_64 c++ com.apple.compilers.llvm.clang.1_0.compiler (in target: cmTC_7f542)
    cd /Users/zhenyiliu/git_repo/pbrt-v3-spectral/build/CMakeFiles/CMakeTmp
    export LANG=en_US.US-ASCII
    /Applications/Xcode.app/Contents/Developer/Toolchains/XcodeDefault.xctoolchain/usr/bin/clang -x c++ -arch x86_64 -fmessage-length=0 -fdiagnostics-show-note-include-stack -fmacro-backtrace-limit=0 -Wno-trigraphs -fpascal-strings -O0 -Wno-missing-field-initializers -Wno-missing-prototypes -Wno-return-type -Wno-non-virtual-dtor -Wno-overloaded-virtual -Wno-exit-time-destructors -Wno-missing-braces -Wparentheses -Wswitch -Wno-unused-function -Wno-unused-label -Wno-unused-parameter -Wno-unused-variable -Wunused-value -Wno-empty-body -Wno-uninitialized -Wno-unknown-pragmas -Wno-shadow -Wno-four-char-constants -Wno-conversion -Wno-constant-conversion -Wno-int-conversion -Wno-bool-conversion -Wno-enum-conversion -Wno-float-conversion -Wno-non-literal-null-conversion -Wno-objc-literal-conversion -Wno-shorten-64-to-32 -Wno-newline-eof -Wno-c++11-extensions -DCMAKE_INTDIR=\"Debug\" -isysroot /Applications/Xcode.app/Contents/Developer/Platforms/MacOSX.platform/Developer/SDKs/MacOSX10.14.sdk -fasm-blocks -fstrict-aliasing -Wdeprecated-declarations -Winvalid-offsetof -mmacosx-version-min=10.14 -g -Wno-sign-conversion -Wno-infinite-recursion -Wno-move -Wno-comma -Wno-block-capture-autoreleasing -Wno-strict-prototypes -Wno-range-loop-analysis -Wno-semicolon-before-method-body -I/Users/zhenyiliu/git_repo/pbrt-v3-spectral/build/CMakeFiles/CMakeTmp/Debug/include -I/Users/zhenyiliu/git_repo/pbrt-v3-spectral/build/CMakeFiles/CMakeTmp/CMAKE_TRY_COMPILE.build/Debug/cmTC_7f542.build/DerivedSources/x86_64 -I/Users/zhenyiliu/git_repo/pbrt-v3-spectral/build/CMakeFiles/CMakeTmp/CMAKE_TRY_COMPILE.build/Debug/cmTC_7f542.build/DerivedSources -Wmost -Wno-four-char-constants -Wno-unknown-pragmas -F/Users/zhenyiliu/git_repo/pbrt-v3-spectral/build/CMakeFiles/CMakeTmp/Debug -std=c++11 -Wno-deprecated-register -MMD -MT dependencies -MF /Users/zhenyiliu/git_repo/pbrt-v3-spectral/build/CMakeFiles/CMakeTmp/CMAKE_TRY_COMPILE.build/Debug/cmTC_7f542.build/Objects-normal/x86_64/CheckIncludeFile.d --serialize-diagnostics /Users/zhenyiliu/git_repo/pbrt-v3-spectral/build/CMakeFiles/CMakeTmp/CMAKE_TRY_COMPILE.build/Debug/cmTC_7f542.build/Objects-normal/x86_64/CheckIncludeFile.dia -c /Users/zhenyiliu/git_repo/pbrt-v3-spectral/build/CMakeFiles/CMakeTmp/CheckIncludeFile.cxx -o /Users/zhenyiliu/git_repo/pbrt-v3-spectral/build/CMakeFiles/CMakeTmp/CMAKE_TRY_COMPILE.build/Debug/cmTC_7f542.build/Objects-normal/x86_64/CheckIncludeFile.o
/Users/zhenyiliu/git_repo/pbrt-v3-spectral/build/CMakeFiles/CMakeTmp/CheckIncludeFile.cxx:1:10: fatal error: 'ext/slist' file not found
#include <ext/slist>
         ^~~~~~~~~~~
1 error generated.

WriteAuxiliaryFile /Users/zhenyiliu/git_repo/pbrt-v3-spectral/build/CMakeFiles/CMakeTmp/CMAKE_TRY_COMPILE.build/Debug/cmTC_7f542.build/Objects-normal/x86_64/cmTC_7f542.LinkFileList (in target: cmTC_7f542)
    cd /Users/zhenyiliu/git_repo/pbrt-v3-spectral/build/CMakeFiles/CMakeTmp
    write-file /Users/zhenyiliu/git_repo/pbrt-v3-spectral/build/CMakeFiles/CMakeTmp/CMAKE_TRY_COMPILE.build/Debug/cmTC_7f542.build/Objects-normal/x86_64/cmTC_7f542.LinkFileList

** BUILD FAILED **


The following build commands failed:
	CompileC /Users/zhenyiliu/git_repo/pbrt-v3-spectral/build/CMakeFiles/CMakeTmp/CMAKE_TRY_COMPILE.build/Debug/cmTC_7f542.build/Objects-normal/x86_64/CheckIncludeFile.o /Users/zhenyiliu/git_repo/pbrt-v3-spectral/build/CMakeFiles/CMakeTmp/CheckIncludeFile.cxx normal x86_64 c++ com.apple.compilers.llvm.clang.1_0.compiler
(1 failure)


Determining if the include file tr1/unordered_map exists failed with the following output:
Change Dir: /Users/zhenyiliu/git_repo/pbrt-v3-spectral/build/CMakeFiles/CMakeTmp

Run Build Command:"/usr/bin/xcodebuild" "-project" "CMAKE_TRY_COMPILE.xcodeproj" "build" "-target" "cmTC_d5698" "-configuration" "Debug"
note: Using new build system
note: Planning build
note: Constructing build description
CreateBuildDirectory /Users/zhenyiliu/git_repo/pbrt-v3-spectral/build/CMakeFiles/CMakeTmp (in target: cmTC_d5698)
    cd /Users/zhenyiliu/git_repo/pbrt-v3-spectral/build/CMakeFiles/CMakeTmp
    builtin-create-build-directory /Users/zhenyiliu/git_repo/pbrt-v3-spectral/build/CMakeFiles/CMakeTmp

WriteAuxiliaryFile /Users/zhenyiliu/git_repo/pbrt-v3-spectral/build/CMakeFiles/CMakeTmp/CMAKE_TRY_COMPILE.build/Debug/cmTC_d5698.build/Objects-normal/x86_64/cmTC_d5698.LinkFileList (in target: cmTC_d5698)
    cd /Users/zhenyiliu/git_repo/pbrt-v3-spectral/build/CMakeFiles/CMakeTmp
    write-file /Users/zhenyiliu/git_repo/pbrt-v3-spectral/build/CMakeFiles/CMakeTmp/CMAKE_TRY_COMPILE.build/Debug/cmTC_d5698.build/Objects-normal/x86_64/cmTC_d5698.LinkFileList

CompileC /Users/zhenyiliu/git_repo/pbrt-v3-spectral/build/CMakeFiles/CMakeTmp/CMAKE_TRY_COMPILE.build/Debug/cmTC_d5698.build/Objects-normal/x86_64/CheckIncludeFile.o /Users/zhenyiliu/git_repo/pbrt-v3-spectral/build/CMakeFiles/CMakeTmp/CheckIncludeFile.cxx normal x86_64 c++ com.apple.compilers.llvm.clang.1_0.compiler (in target: cmTC_d5698)
    cd /Users/zhenyiliu/git_repo/pbrt-v3-spectral/build/CMakeFiles/CMakeTmp
    export LANG=en_US.US-ASCII
    /Applications/Xcode.app/Contents/Developer/Toolchains/XcodeDefault.xctoolchain/usr/bin/clang -x c++ -arch x86_64 -fmessage-length=0 -fdiagnostics-show-note-include-stack -fmacro-backtrace-limit=0 -Wno-trigraphs -fpascal-strings -O0 -Wno-missing-field-initializers -Wno-missing-prototypes -Wno-return-type -Wno-non-virtual-dtor -Wno-overloaded-virtual -Wno-exit-time-destructors -Wno-missing-braces -Wparentheses -Wswitch -Wno-unused-function -Wno-unused-label -Wno-unused-parameter -Wno-unused-variable -Wunused-value -Wno-empty-body -Wno-uninitialized -Wno-unknown-pragmas -Wno-shadow -Wno-four-char-constants -Wno-conversion -Wno-constant-conversion -Wno-int-conversion -Wno-bool-conversion -Wno-enum-conversion -Wno-float-conversion -Wno-non-literal-null-conversion -Wno-objc-literal-conversion -Wno-shorten-64-to-32 -Wno-newline-eof -Wno-c++11-extensions -DCMAKE_INTDIR=\"Debug\" -isysroot /Applications/Xcode.app/Contents/Developer/Platforms/MacOSX.platform/Developer/SDKs/MacOSX10.14.sdk -fasm-blocks -fstrict-aliasing -Wdeprecated-declarations -Winvalid-offsetof -mmacosx-version-min=10.14 -g -Wno-sign-conversion -Wno-infinite-recursion -Wno-move -Wno-comma -Wno-block-capture-autoreleasing -Wno-strict-prototypes -Wno-range-loop-analysis -Wno-semicolon-before-method-body -I/Users/zhenyiliu/git_repo/pbrt-v3-spectral/build/CMakeFiles/CMakeTmp/Debug/include -I/Users/zhenyiliu/git_repo/pbrt-v3-spectral/build/CMakeFiles/CMakeTmp/CMAKE_TRY_COMPILE.build/Debug/cmTC_d5698.build/DerivedSources/x86_64 -I/Users/zhenyiliu/git_repo/pbrt-v3-spectral/build/CMakeFiles/CMakeTmp/CMAKE_TRY_COMPILE.build/Debug/cmTC_d5698.build/DerivedSources -Wmost -Wno-four-char-constants -Wno-unknown-pragmas -F/Users/zhenyiliu/git_repo/pbrt-v3-spectral/build/CMakeFiles/CMakeTmp/Debug -std=c++11 -Wno-deprecated-register -MMD -MT dependencies -MF /Users/zhenyiliu/git_repo/pbrt-v3-spectral/build/CMakeFiles/CMakeTmp/CMAKE_TRY_COMPILE.build/Debug/cmTC_d5698.build/Objects-normal/x86_64/CheckIncludeFile.d --serialize-diagnostics /Users/zhenyiliu/git_repo/pbrt-v3-spectral/build/CMakeFiles/CMakeTmp/CMAKE_TRY_COMPILE.build/Debug/cmTC_d5698.build/Objects-normal/x86_64/CheckIncludeFile.dia -c /Users/zhenyiliu/git_repo/pbrt-v3-spectral/build/CMakeFiles/CMakeTmp/CheckIncludeFile.cxx -o /Users/zhenyiliu/git_repo/pbrt-v3-spectral/build/CMakeFiles/CMakeTmp/CMAKE_TRY_COMPILE.build/Debug/cmTC_d5698.build/Objects-normal/x86_64/CheckIncludeFile.o
/Users/zhenyiliu/git_repo/pbrt-v3-spectral/build/CMakeFiles/CMakeTmp/CheckIncludeFile.cxx:1:10: fatal error
: 'tr1/unordered_map' file not found
#include <tr1/unordered_map>
         ^~~~~~~~~~~~~~~~~~~
1 error generated.

** BUILD FAILED **


The following build commands failed:
	CompileC /Users/zhenyiliu/git_repo/pbrt-v3-spectral/build/CMakeFiles/CMakeTmp/CMAKE_TRY_COMPILE.build/Debug/cmTC_d5698.build/Objects-normal/x86_64/CheckIncludeFile.o /Users/zhenyiliu/git_repo/pbrt-v3-spectral/build/CMakeFiles/CMakeTmp/CheckIncludeFile.cxx normal x86_64 c++ com.apple.compilers.llvm.clang.1_0.compiler
(1 failure)


Determining if the include file tr1/unordered_set exists failed with the following output:
Change Dir: /Users/zhenyiliu/git_repo/pbrt-v3-spectral/build/CMakeFiles/CMakeTmp

Run Build Command:"/usr/bin/xcodebuild" "-project" "CMAKE_TRY_COMPILE.xcodeproj" "build" "-target" "cmTC_cd2b7" "-configuration" "Debug"
note: Using new build system
note: Planning build
note: Constructing build description
CreateBuildDirectory /Users/zhenyiliu/git_repo/pbrt-v3-spectral/build/CMakeFiles/CMakeTmp (in target: cmTC_cd2b7)
    cd /Users/zhenyiliu/git_repo/pbrt-v3-spectral/build/CMakeFiles/CMakeTmp
    builtin-create-build-directory /Users/zhenyiliu/git_repo/pbrt-v3-spectral/build/CMakeFiles/CMakeTmp

CompileC /Users/zhenyiliu/git_repo/pbrt-v3-spectral/build/CMakeFiles/CMakeTmp/CMAKE_TRY_COMPILE.build/Debug/cmTC_cd2b7.build/Objects-normal/x86_64/CheckIncludeFile.o /Users/zhenyiliu/git_repo/pbrt-v3-spectral/build/CMakeFiles/CMakeTmp/CheckIncludeFile.cxx normal x86_64 c++ com.apple.compilers.llvm.clang.1_0.compiler (in target: cmTC_cd2b7)
    cd /Users/zhenyiliu/git_repo/pbrt-v3-spectral/build/CMakeFiles/CMakeTmp
    export LANG=en_US.US-ASCII
    /Applications/Xcode.app/Contents/Developer/Toolchains/XcodeDefault.xctoolchain/usr/bin/clang -x c++ -arch x86_64 -fmessage-length=0 -fdiagnostics-show-note-include-stack -fmacro-backtrace-limit=0 -Wno-trigraphs -fpascal-strings -O0 -Wno-missing-field-initializers -Wno-missing-prototypes -Wno-return-type -Wno-non-virtual-dtor -Wno-overloaded-virtual -Wno-exit-time-destructors -Wno-missing-braces -Wparentheses -Wswitch -Wno-unused-function -Wno-unused-label -Wno-unused-parameter -Wno-unused-variable -Wunused-value -Wno-empty-body -Wno-uninitialized -Wno-unknown-pragmas -Wno-shadow -Wno-four-char-constants -Wno-conversion -Wno-constant-conversion -Wno-int-conversion -Wno-bool-conversion -Wno-enum-conversion -Wno-float-conversion -Wno-non-literal-null-conversion -Wno-objc-literal-conversion -Wno-shorten-64-to-32 -Wno-newline-eof -Wno-c++11-extensions -DCMAKE_INTDIR=\"Debug\" -isysroot /Applications/Xcode.app/Contents/Developer/Platforms/MacOSX.platform/Developer/SDKs/MacOSX10.14.sdk -fasm-blocks -fstrict-aliasing -Wdeprecated-declarations -Winvalid-offsetof -mmacosx-version-min=10.14 -g -Wno-sign-conversion -Wno-infinite-recursion -Wno-move -Wno-comma -Wno-block-capture-autoreleasing -Wno-strict-prototypes -Wno-range-loop-analysis -Wno-semicolon-before-method-body -I/Users/zhenyiliu/git_repo/pbrt-v3-spectral/build/CMakeFiles/CMakeTmp/Debug/include -I/Users/zhenyiliu/git_repo/pbrt-v3-spectral/build/CMakeFiles/CMakeTmp/CMAKE_TRY_COMPILE.build/Debug/cmTC_cd2b7.build/DerivedSources/x86_64 -I/Users/zhenyiliu/git_repo/pbrt-v3-spectral/build/CMakeFiles/CMakeTmp/CMAKE_TRY_COMPILE.build/Debug/cmTC_cd2b7.build/DerivedSources -Wmost -Wno-four-char-constants -Wno-unknown-pragmas -F/Users/zhenyiliu/git_repo/pbrt-v3-spectral/build/CMakeFiles/CMakeTmp/Debug -std=c++11 -Wno-deprecated-register -MMD -MT dependencies -MF /Users/zhenyiliu/git_repo/pbrt-v3-spectral/build/CMakeFiles/CMakeTmp/CMAKE_TRY_COMPILE.build/Debug/cmTC_cd2b7.build/Objects-normal/x86_64/CheckIncludeFile.d --serialize-diagnostics /Users/zhenyiliu/git_repo/pbrt-v3-spectral/build/CMakeFiles/CMakeTmp/CMAKE_TRY_COMPILE.build/Debug/cmTC_cd2b7.build/Objects-normal/x86_64/CheckIncludeFile.dia -c /Users/zhenyiliu/git_repo/pbrt-v3-spectral/build/CMakeFiles/CMakeTmp/CheckIncludeFile.cxx -o /Users/zhenyiliu/git_repo/pbrt-v3-spectral/build/CMakeFiles/CMakeTmp/CMAKE_TRY_COMPILE.build/Debug/cmTC_cd2b7.build/Objects-normal/x86_64/CheckIncludeFile.o
/Users/zhenyiliu/git_repo/pbrt-v3-spectral/build/CMakeFiles/CMakeTmp/CheckIncludeFile.cxx:1:10: fatal error: 'tr1/unordered_set' file not found

#include <tr1/unordered_set>
         ^~~~~~~~~~~~~~~~~~~
1 error generated.

WriteAuxiliaryFile /Users/zhenyiliu/git_repo/pbrt-v3-spectral/build/CMakeFiles/CMakeTmp/CMAKE_TRY_COMPILE.build/Debug/cmTC_cd2b7.build/Objects-normal/x86_64/cmTC_cd2b7.LinkFileList (in target: cmTC_cd2b7)
    cd /Users/zhenyiliu/git_repo/pbrt-v3-spectral/build/CMakeFiles/CMakeTmp
    write-file /Users/zhenyiliu/git_repo/pbrt-v3-spectral/build/CMakeFiles/CMakeTmp/CMAKE_TRY_COMPILE.build/Debug/cmTC_cd2b7.build/Objects-normal/x86_64/cmTC_cd2b7.LinkFileList

** BUILD FAILED **


The following build commands failed:
	CompileC /Users/zhenyiliu/git_repo/pbrt-v3-spectral/build/CMakeFiles/CMakeTmp/CMAKE_TRY_COMPILE.build/Debug/cmTC_cd2b7.build/Objects-normal/x86_64/CheckIncludeFile.o /Users/zhenyiliu/git_repo/pbrt-v3-spectral/build/CMakeFiles/CMakeTmp/CheckIncludeFile.cxx normal x86_64 c++ com.apple.compilers.llvm.clang.1_0.compiler
(1 failure)


Determining size of unsigned __int16 failed with the following output:
Change Dir: /Users/zhenyiliu/git_repo/pbrt-v3-spectral/build/CMakeFiles/CMakeTmp

Run Build Command:"/usr/bin/xcodebuild" "-project" "CMAKE_TRY_COMPILE.xcodeproj" "build" "-target" "cmTC_1216c" "-configuration" "Debug"
note: Using new build system
note: Planning build
note: Constructing build description
CreateBuildDirectory /Users/zhenyiliu/git_repo/pbrt-v3-spectral/build/CMakeFiles/CMakeTmp (in target: cmTC_1216c)
    cd /Users/zhenyiliu/git_repo/pbrt-v3-spectral/build/CMakeFiles/CMakeTmp
    builtin-create-build-directory /Users/zhenyiliu/git_repo/pbrt-v3-spectral/build/CMakeFiles/CMakeTmp

WriteAuxiliaryFile /Users/zhenyiliu/git_repo/pbrt-v3-spectral/build/CMakeFiles/CMakeTmp/CMAKE_TRY_COMPILE.build/Debug/cmTC_1216c.build/Objects-normal/x86_64/cmTC_1216c.LinkFileList (in target: cmTC_1216c)
    cd /Users/zhenyiliu/git_repo/pbrt-v3-spectral/build/CMakeFiles/CMakeTmp
    write-file /Users/zhenyiliu/git_repo/pbrt-v3-spectral/build/CMakeFiles/CMakeTmp/CMAKE_TRY_COMPILE.build/Debug/cmTC_1216c.build/Objects-normal/x86_64/cmTC_1216c.LinkFileList

CompileC /Users/zhenyiliu/git_repo/pbrt-v3-spectral/build/CMakeFiles/CMakeTmp/CMAKE_TRY_COMPILE.build/Debug/cmTC_1216c.build/Objects-normal/x86_64/HAVE___UINT16.o /Users/zhenyiliu/git_repo/pbrt-v3-spectral/build/CMakeFiles/CheckTypeSize/HAVE___UINT16.c normal x86_64 c com.apple.compilers.llvm.clang.1_0.compiler (in target: cmTC_1216c)
    cd /Users/zhenyiliu/git_repo/pbrt-v3-spectral/build/CMakeFiles/CMakeTmp
    export LANG=en_US.US-ASCII
    /Applications/Xcode.app/Contents/Developer/Toolchains/XcodeDefault.xctoolchain/usr/bin/clang -x c -arch x86_64 -fmessage-length=0 -fdiagnostics-show-note-include-stack -fmacro-backtrace-limit=0 -Wno-trigraphs -fpascal-strings -O0 -Wno-missing-field-initializers -Wno-missing-prototypes -Wno-return-type -Wno-missing-braces -Wparentheses -Wswitch -Wno-unused-function -Wno-unused-label -Wno-unused-parameter -Wno-unused-variable -Wunused-value -Wno-empty-body -Wno-uninitialized -Wno-unknown-pragmas -Wno-shadow -Wno-four-char-constants -Wno-conversion -Wno-constant-conversion -Wno-int-conversion -Wno-bool-conversion -Wno-enum-conversion -Wno-float-conversion -Wno-non-literal-null-conversion -Wno-objc-literal-conversion -Wno-shorten-64-to-32 -Wpointer-sign -Wno-newline-eof -DCMAKE_INTDIR=\"Debug\" -isysroot /Applications/Xcode.app/Contents/Developer/Platforms/MacOSX.platform/Developer/SDKs/MacOSX10.14.sdk -fasm-blocks -fstrict-aliasing -Wdeprecated-declarations -mmacosx-version-min=10.14 -g -Wno-sign-conversion -Wno-infinite-recursion -Wno-comma -Wno-block-capture-autoreleasing -Wno-strict-prototypes -Wno-semicolon-before-method-body -I/Users/zhenyiliu/git_repo/pbrt-v3-spectral/build/CMakeFiles/CMakeTmp/Debug/include -I/Users/zhenyiliu/git_repo/pbrt-v3-spectral/build/CMakeFiles/CMakeTmp/CMAKE_TRY_COMPILE.build/Debug/cmTC_1216c.build/DerivedSources/x86_64 -I/Users/zhenyiliu/git_repo/pbrt-v3-spectral/build/CMakeFiles/CMakeTmp/CMAKE_TRY_COMPILE.build/Debug/cmTC_1216c.build/DerivedSources -Wmost -Wno-four-char-constants -Wno-unknown-pragmas -F/Users/zhenyiliu/git_repo/pbrt-v3-spectral/build/CMakeFiles/CMakeTmp/Debug -MMD -MT dependencies -MF /Users/zhenyiliu/git_repo/pbrt-v3-spectral/build/CMakeFiles/CMakeTmp/CMAKE_TRY_COMPILE.build/Debug/cmTC_1216c.build/Objects-normal/x86_64/HAVE___UINT16.d --serialize-diagnostics /Users/zhenyiliu/git_repo/pbrt-v3-spectral/build/CMakeFiles/CMakeTmp/CMAKE_TRY_COMPILE.build/Debug/cmTC_1216c.build/Objects-normal/x86_64/HAVE___UINT16.dia -c /Users/zhenyiliu/git_repo/pbrt-v3-spectral/build/CMakeFiles/CheckTypeSize/HAVE___UINT16.c -o /Users/zhenyiliu/git_repo/pbrt-v3-spectral/build/CMakeFiles/CMakeTmp/CMAKE_TRY_COMPILE.build/Debug/cmTC_1216c.build/Objects-normal/x86_64/HAVE___UINT16.o
/Users/zhenyiliu/git_repo/pbrt-v3-spectral/build/CMakeFiles/CheckTypeSize/HAVE___UINT16.c:19
:12: error: expected ')'
  ('0' + ((SIZE / 10000)%10)),
           ^
/Users/zhenyiliu/git_repo/pbrt-v3-spectral/build/CMakeFiles/CheckTypeSize/HAVE___UINT16.c:17
:31: note: expanded from macro 'SIZE'
#define SIZE (sizeof(unsigned __int16))
                              ^
/Users/zhenyiliu/git_repo/pbrt-v3-spectral/build/CMakeFiles/CheckTypeSize/HAVE___UINT16.c:19:12
: 
note: 
to match this '('
/Users/zhenyiliu/git_repo/pbrt-v3-spectral/build/CMakeFiles/CheckTypeSize/HAVE___UINT16.c
:17:21:
 note
: 
expanded from macro 'SIZE'

#define SIZE (sizeof(unsigned __int16))
                    ^
/Users/zhenyiliu/git_repo/pbrt-v3-spectral/build/CMakeFiles/CheckTypeSize/HAVE___UINT16.c:20
:12: error: expected ')'
  ('0' + ((SIZE / 1000)%10)),
           ^

/Users/zhenyiliu/git_repo/pbrt-v3-spectral/build/CMakeFiles/CheckTypeSize/HAVE___UINT16.c:
17:
31: note: expanded from macro 'SIZE'

#define SIZE (sizeof(unsigned __int16))
                              ^

/Users/zhenyiliu/git_repo/pbrt-v3-spectral/build/CMakeFiles/CheckTypeSize/HAVE___UINT16.c:
20:
12:
 note: to match this '('

/Users/zhenyiliu/git_repo/pbrt-v3-spectral/build/CMakeFiles/CheckTypeSize/HAVE___UINT16.c
:17:21: note: 
expanded from macro 'SIZE'

#define SIZE (sizeof(unsigned __int16))
                    ^
/Users/zhenyiliu/git_repo/pbrt-v3-spectral/build/CMakeFiles/CheckTypeSize/HAVE___UINT16.c:21
:12:
 error: 
expected ')'
  ('0' + ((SIZE / 100)%10)),
           ^
/Users/zhenyiliu/git_repo/pbrt-v3-spectral/build/CMakeFiles/CheckTypeSize/HAVE___UINT16.c:17:31: note: expanded from macro 'SIZE'
#define SIZE (sizeof(unsigned __int16))
                              ^

/Users/zhenyiliu/git_repo/pbrt-v3-spectral/build/CMakeFiles/CheckTypeSize/HAVE___UINT16.c:21:12: note: to match this '('
/Users/zhenyiliu/git_repo/pbrt-v3-spectral/build/CMakeFiles/CheckTypeSize/HAVE___UINT16.c:17:21: note
: expanded from macro 'SIZE'
#define SIZE (sizeof(unsigned __int16))
                    ^

/Users/zhenyiliu/git_repo/pbrt-v3-spectral/build/CMakeFiles/CheckTypeSize/HAVE___UINT16.c:22
:12: error: expected ')'
  ('0' + ((SIZE / 10)%10)),
           ^
/Users/zhenyiliu/git_repo/pbrt-v3-spectral/build/CMakeFiles/CheckTypeSize/HAVE___UINT16.c:17
:31
: 
note
: expanded from macro 'SIZE'

#define SIZE (sizeof(unsigned __int16))
                              ^

/Users/zhenyiliu/git_repo/pbrt-v3-spectral/build/CMakeFiles/CheckTypeSize/HAVE___UINT16.c:22
:12: note
: to match this '('
/Users/zhenyiliu/git_repo/pbrt-v3-spectral/build/CMakeFiles/CheckTypeSize/HAVE___UINT16.c:17
:21
: 
note: expanded from macro 'SIZE'

#define SIZE (sizeof(unsigned __int16))
                    ^
/Users/zhenyiliu/git_repo/pbrt-v3-spectral/build/CMakeFiles/CheckTypeSize/HAVE___UINT16.c:23
:
12: 
error: expected ')'
  ('0' +  (SIZE    % 10)),

           ^
/Users/zhenyiliu/git_repo/pbrt-v3-spectral/build/CMakeFiles/CheckTypeSize/HAVE___UINT16.c
:17:31
: 
note: 
expanded from macro 'SIZE'
#define SIZE (sizeof(unsigned __int16))
                              ^

/Users/zhenyiliu/git_repo/pbrt-v3-spectral/build/CMakeFiles/CheckTypeSize/HAVE___UINT16.c:
23:12:
 note: to match this '('
/Users/zhenyiliu/git_repo/pbrt-v3-spectral/build/CMakeFiles/CheckTypeSize/HAVE___UINT16.c
:
17:21: note: expanded from macro 'SIZE'
#define SIZE (sizeof(unsigned __int16))
                    ^

5 errors generated.

** BUILD FAILED **


The following build commands failed:
	CompileC /Users/zhenyiliu/git_repo/pbrt-v3-spectral/build/CMakeFiles/CMakeTmp/CMAKE_TRY_COMPILE.build/Debug/cmTC_1216c.build/Objects-normal/x86_64/HAVE___UINT16.o /Users/zhenyiliu/git_repo/pbrt-v3-spectral/build/CMakeFiles/CheckTypeSize/HAVE___UINT16.c normal x86_64 c com.apple.compilers.llvm.clang.1_0.compiler
(1 failure)

/Users/zhenyiliu/git_repo/pbrt-v3-spectral/build/CMakeFiles/CheckTypeSize/HAVE___UINT16.c:
#include <sys/types.h>
#include <stdint.h>
#include <stddef.h>


#undef KEY
#if defined(__i386)
# define KEY '_','_','i','3','8','6'
#elif defined(__x86_64)
# define KEY '_','_','x','8','6','_','6','4'
#elif defined(__ppc__)
# define KEY '_','_','p','p','c','_','_'
#elif defined(__ppc64__)
# define KEY '_','_','p','p','c','6','4','_','_'
#endif

#define SIZE (sizeof(unsigned __int16))
char info_size[] =  {'I', 'N', 'F', 'O', ':', 's','i','z','e','[',
  ('0' + ((SIZE / 10000)%10)),
  ('0' + ((SIZE / 1000)%10)),
  ('0' + ((SIZE / 100)%10)),
  ('0' + ((SIZE / 10)%10)),
  ('0' +  (SIZE    % 10)),
  ']',
#ifdef KEY
  ' ','k','e','y','[', KEY, ']',
#endif
  '\0'};

#ifdef __CLASSIC_C__
int main(argc, argv) int argc; char *argv[];
#else
int main(int argc, char *argv[])
#endif
{
  int require = 0;
  require += info_size[argc];
  (void)argv;
  return require;
}


Determining if the function get_static_proc_name exists in the unwind failed with the following output:
Change Dir: /Users/zhenyiliu/git_repo/pbrt-v3-spectral/build/CMakeFiles/CMakeTmp

Run Build Command:"/usr/bin/xcodebuild" "-project" "CMAKE_TRY_COMPILE.xcodeproj" "build" "-target" "cmTC_45681" "-configuration" "Debug"
note: Using new build system
note: Planning build
note: Constructing build description
CreateBuildDirectory /Users/zhenyiliu/git_repo/pbrt-v3-spectral/build/CMakeFiles/CMakeTmp (in target: cmTC_45681)
    cd /Users/zhenyiliu/git_repo/pbrt-v3-spectral/build/CMakeFiles/CMakeTmp
    builtin-create-build-directory /Users/zhenyiliu/git_repo/pbrt-v3-spectral/build/CMakeFiles/CMakeTmp

CompileC /Users/zhenyiliu/git_repo/pbrt-v3-spectral/build/CMakeFiles/CMakeTmp/CMAKE_TRY_COMPILE.build/Debug/cmTC_45681.build/Objects-normal/x86_64/CheckFunctionExists.o /usr/local/Cellar/cmake/3.4.0/share/cmake/Modules/CheckFunctionExists.c normal x86_64 c com.apple.compilers.llvm.clang.1_0.compiler (in target: cmTC_45681)
    cd /Users/zhenyiliu/git_repo/pbrt-v3-spectral/build/CMakeFiles/CMakeTmp
    export LANG=en_US.US-ASCII
    /Applications/Xcode.app/Contents/Developer/Toolchains/XcodeDefault.xctoolchain/usr/bin/clang -x c -arch x86_64 -fmessage-length=0 -fdiagnostics-show-note-include-stack -fmacro-backtrace-limit=0 -Wno-trigraphs -fpascal-strings -O0 -Wno-missing-field-initializers -Wno-missing-prototypes -Wno-return-type -Wno-missing-braces -Wparentheses -Wswitch -Wno-unused-function -Wno-unused-label -Wno-unused-parameter -Wno-unused-variable -Wunused-value -Wno-empty-body -Wno-uninitialized -Wno-unknown-pragmas -Wno-shadow -Wno-four-char-constants -Wno-conversion -Wno-constant-conversion -Wno-int-conversion -Wno-bool-conversion -Wno-enum-conversion -Wno-float-conversion -Wno-non-literal-null-conversion -Wno-objc-literal-conversion -Wno-shorten-64-to-32 -Wpointer-sign -Wno-newline-eof -DCMAKE_INTDIR=\"Debug\" -isysroot /Applications/Xcode.app/Contents/Developer/Platforms/MacOSX.platform/Developer/SDKs/MacOSX10.14.sdk -fasm-blocks -fstrict-aliasing -Wdeprecated-declarations -mmacosx-version-min=10.14 -g -Wno-sign-conversion -Wno-infinite-recursion -Wno-comma -Wno-block-capture-autoreleasing -Wno-strict-prototypes -Wno-semicolon-before-method-body -I/Users/zhenyiliu/git_repo/pbrt-v3-spectral/build/CMakeFiles/CMakeTmp/Debug/include -I/Users/zhenyiliu/git_repo/pbrt-v3-spectral/build/CMakeFiles/CMakeTmp/CMAKE_TRY_COMPILE.build/Debug/cmTC_45681.build/DerivedSources/x86_64 -I/Users/zhenyiliu/git_repo/pbrt-v3-spectral/build/CMakeFiles/CMakeTmp/CMAKE_TRY_COMPILE.build/Debug/cmTC_45681.build/DerivedSources -Wmost -Wno-four-char-constants -Wno-unknown-pragmas -F/Users/zhenyiliu/git_repo/pbrt-v3-spectral/build/CMakeFiles/CMakeTmp/Debug -DCHECK_FUNCTION_EXISTS=get_static_proc_name -MMD -MT dependencies -MF /Users/zhenyiliu/git_repo/pbrt-v3-spectral/build/CMakeFiles/CMakeTmp/CMAKE_TRY_COMPILE.build/Debug/cmTC_45681.build/Objects-normal/x86_64/CheckFunctionExists.d --serialize-diagnostics /Users/zhenyiliu/git_repo/pbrt-v3-spectral/build/CMakeFiles/CMakeTmp/CMAKE_TRY_COMPILE.build/Debug/cmTC_45681.build/Objects-normal/x86_64/CheckFunctionExists.dia -c /usr/local/Cellar/cmake/3.4.0/share/cmake/Modules/CheckFunctionExists.c -o /Users/zhenyiliu/git_repo/pbrt-v3-spectral/build/CMakeFiles/CMakeTmp/CMAKE_TRY_COMPILE.build/Debug/cmTC_45681.build/Objects-normal/x86_64/CheckFunctionExists.o

WriteAuxiliaryFile /Users/zhenyiliu/git_repo/pbrt-v3-spectral/build/CMakeFiles/CMakeTmp/CMAKE_TRY_COMPILE.build/Debug/cmTC_45681.build/Objects-normal/x86_64/cmTC_45681.LinkFileList (in target: cmTC_45681)
    cd /Users/zhenyiliu/git_repo/pbrt-v3-spectral/build/CMakeFiles/CMakeTmp
    write-file /Users/zhenyiliu/git_repo/pbrt-v3-spectral/build/CMakeFiles/CMakeTmp/CMAKE_TRY_COMPILE.build/Debug/cmTC_45681.build/Objects-normal/x86_64/cmTC_45681.LinkFileList

Ld /Users/zhenyiliu/git_repo/pbrt-v3-spectral/build/CMakeFiles/CMakeTmp/Debug/cmTC_45681 normal x86_64 (in target: cmTC_45681)
    cd /Users/zhenyiliu/git_repo/pbrt-v3-spectral/build/CMakeFiles/CMakeTmp
    export MACOSX_DEPLOYMENT_TARGET=10.14
    /Applications/Xcode.app/Contents/Developer/Toolchains/XcodeDefault.xctoolchain/usr/bin/clang -arch x86_64 -isysroot /Applications/Xcode.app/Contents/Developer/Platforms/MacOSX.platform/Developer/SDKs/MacOSX10.14.sdk -L/Users/zhenyiliu/git_repo/pbrt-v3-spectral/build/CMakeFiles/CMakeTmp/Debug -F/Users/zhenyiliu/git_repo/pbrt-v3-spectral/build/CMakeFiles/CMakeTmp/Debug -filelist /Users/zhenyiliu/git_repo/pbrt-v3-spectral/build/CMakeFiles/CMakeTmp/CMAKE_TRY_COMPILE.build/Debug/cmTC_45681.build/Objects-normal/x86_64/cmTC_45681.LinkFileList -mmacosx-version-min=10.14 -Xlinker -object_path_lto -Xlinker /Users/zhenyiliu/git_repo/pbrt-v3-spectral/build/CMakeFiles/CMakeTmp/CMAKE_TRY_COMPILE.build/Debug/cmTC_45681.build/Objects-normal/x86_64/cmTC_45681_lto.o -Xlinker -no_deduplicate -Wl,-search_paths_first -Wl,-headerpad_max_install_names -lunwind -Xlinker -dependency_info -Xlinker /Users/zhenyiliu/git_repo/pbrt-v3-spectral/build/CMakeFiles/CMakeTmp/CMAKE_TRY_COMPILE.build/Debug/cmTC_45681.build/Objects-normal/x86_64/cmTC_45681_dependency_info.dat -o /Users/zhenyiliu/git_repo/pbrt-v3-spectral/build/CMakeFiles/CMakeTmp/Debug/cmTC_45681
ld: library not found for -lunwind
clang: error: linker command failed with exit code 1 (use -v to see invocation)


** BUILD FAILED **


The following build commands failed:
	Ld /Users/zhenyiliu/git_repo/pbrt-v3-spectral/build/CMakeFiles/CMakeTmp/Debug/cmTC_45681 normal x86_64
(1 failure)


Performing C SOURCE FILE Test HAVE___DECLSPEC failed with the following output:
Change Dir: /Users/zhenyiliu/git_repo/pbrt-v3-spectral/build/CMakeFiles/CMakeTmp

Run Build Command:"/usr/bin/xcodebuild" "-project" "CMAKE_TRY_COMPILE.xcodeproj" "build" "-target" "cmTC_82c63" "-configuration" "Debug"
note: Using new build system
note: Planning build
note: Constructing build description
CreateBuildDirectory /Users/zhenyiliu/git_repo/pbrt-v3-spectral/build/CMakeFiles/CMakeTmp (in target: cmTC_82c63)
    cd /Users/zhenyiliu/git_repo/pbrt-v3-spectral/build/CMakeFiles/CMakeTmp
    builtin-create-build-directory /Users/zhenyiliu/git_repo/pbrt-v3-spectral/build/CMakeFiles/CMakeTmp

CompileC /Users/zhenyiliu/git_repo/pbrt-v3-spectral/build/CMakeFiles/CMakeTmp/CMAKE_TRY_COMPILE.build/Debug/cmTC_82c63.build/Objects-normal/x86_64/src.o /Users/zhenyiliu/git_repo/pbrt-v3-spectral/build/CMakeFiles/CMakeTmp/src.c normal x86_64 c com.apple.compilers.llvm.clang.1_0.compiler (in target: cmTC_82c63)
    cd /Users/zhenyiliu/git_repo/pbrt-v3-spectral/build/CMakeFiles/CMakeTmp
    export LANG=en_US.US-ASCII
    /Applications/Xcode.app/Contents/Developer/Toolchains/XcodeDefault.xctoolchain/usr/bin/clang -x c -arch x86_64 -fmessage-length=0 -fdiagnostics-show-note-include-stack -fmacro-backtrace-limit=0 -Wno-trigraphs -fpascal-strings -O0 -Wno-missing-field-initializers -Wno-missing-prototypes -Wno-return-type -Wno-missing-braces -Wparentheses -Wswitch -Wno-unused-function -Wno-unused-label -Wno-unused-parameter -Wno-unused-variable -Wunused-value -Wno-empty-body -Wno-uninitialized -Wno-unknown-pragmas -Wno-shadow -Wno-four-char-constants -Wno-conversion -Wno-constant-conversion -Wno-int-conversion -Wno-bool-conversion -Wno-enum-conversion -Wno-float-conversion -Wno-non-literal-null-conversion -Wno-objc-literal-conversion -Wno-shorten-64-to-32 -Wpointer-sign -Wno-newline-eof -DCMAKE_INTDIR=\"Debug\" -isysroot /Applications/Xcode.app/Contents/Developer/Platforms/MacOSX.platform/Developer/SDKs/MacOSX10.14.sdk -fasm-blocks -fstrict-aliasing -Wdeprecated-declarations -mmacosx-version-min=10.14 -g -Wno-sign-conversion -Wno-infinite-recursion -Wno-comma -Wno-block-capture-autoreleasing -Wno-strict-prototypes -Wno-semicolon-before-method-body -I/Users/zhenyiliu/git_repo/pbrt-v3-spectral/build/CMakeFiles/CMakeTmp/Debug/include -I/Users/zhenyiliu/git_repo/pbrt-v3-spectral/build/CMakeFiles/CMakeTmp/CMAKE_TRY_COMPILE.build/Debug/cmTC_82c63.build/DerivedSources/x86_64 -I/Users/zhenyiliu/git_repo/pbrt-v3-spectral/build/CMakeFiles/CMakeTmp/CMAKE_TRY_COMPILE.build/Debug/cmTC_82c63.build/DerivedSources -Wmost -Wno-four-char-constants -Wno-unknown-pragmas -F/Users/zhenyiliu/git_repo/pbrt-v3-spectral/build/CMakeFiles/CMakeTmp/Debug -DHAVE___DECLSPEC -MMD -MT dependencies -MF /Users/zhenyiliu/git_repo/pbrt-v3-spectral/build/CMakeFiles/CMakeTmp/CMAKE_TRY_COMPILE.build/Debug/cmTC_82c63.build/Objects-normal/x86_64/src.d --serialize-diagnostics /Users/zhenyiliu/git_repo/pbrt-v3-spectral/build/CMakeFiles/CMakeTmp/CMAKE_TRY_COMPILE.build/Debug/cmTC_82c63.build/Objects-normal/x86_64/src.dia -c /Users/zhenyiliu/git_repo/pbrt-v3-spectral/build/CMakeFiles/CMakeTmp/src.c -o /Users/zhenyiliu/git_repo/pbrt-v3-spectral/build/CMakeFiles/CMakeTmp/CMAKE_TRY_COMPILE.build/Debug/cmTC_82c63.build/Objects-normal/x86_64/src.o
/Users/zhenyiliu/git_repo/pbrt-v3-spectral/build/CMakeFiles/CMakeTmp/src.c:2:1: error: '__declspec' attributes are not enabled; use '-fdeclspec' or '-fms-extensions' to enable support for __declspec attributes
__declspec(selectany) int a;
^
1 error generated.

WriteAuxiliaryFile /Users/zhenyiliu/git_repo/pbrt-v3-spectral/build/CMakeFiles/CMakeTmp/CMAKE_TRY_COMPILE.build/Debug/cmTC_82c63.build/Objects-normal/x86_64/cmTC_82c63.LinkFileList (in target: cmTC_82c63)
    cd /Users/zhenyiliu/git_repo/pbrt-v3-spectral/build/CMakeFiles/CMakeTmp
    write-file /Users/zhenyiliu/git_repo/pbrt-v3-spectral/build/CMakeFiles/CMakeTmp/CMAKE_TRY_COMPILE.build/Debug/cmTC_82c63.build/Objects-normal/x86_64/cmTC_82c63.LinkFileList

** BUILD FAILED **


The following build commands failed:
	CompileC /Users/zhenyiliu/git_repo/pbrt-v3-spectral/build/CMakeFiles/CMakeTmp/CMAKE_TRY_COMPILE.build/Debug/cmTC_82c63.build/Objects-normal/x86_64/src.o /Users/zhenyiliu/git_repo/pbrt-v3-spectral/build/CMakeFiles/CMakeTmp/src.c normal x86_64 c com.apple.compilers.llvm.clang.1_0.compiler
(1 failure)

Source file was:

__declspec(selectany) int a;
int main(void) { return 0; }

Performing C++ SOURCE FILE Test STL_NO_NAMESPACE failed with the following output:
Change Dir: /Users/zhenyiliu/git_repo/pbrt-v3-spectral/build/CMakeFiles/CMakeTmp

Run Build Command:"/usr/bin/xcodebuild" "-project" "CMAKE_TRY_COMPILE.xcodeproj" "build" "-target" "cmTC_16874" "-configuration" "Debug"
note: Using new build system
note: Planning build
note: Constructing build description
CreateBuildDirectory /Users/zhenyiliu/git_repo/pbrt-v3-spectral/build/CMakeFiles/CMakeTmp (in target: cmTC_16874)
    cd /Users/zhenyiliu/git_repo/pbrt-v3-spectral/build/CMakeFiles/CMakeTmp
    builtin-create-build-directory /Users/zhenyiliu/git_repo/pbrt-v3-spectral/build/CMakeFiles/CMakeTmp

CompileC /Users/zhenyiliu/git_repo/pbrt-v3-spectral/build/CMakeFiles/CMakeTmp/CMAKE_TRY_COMPILE.build/Debug/cmTC_16874.build/Objects-normal/x86_64/src.o /Users/zhenyiliu/git_repo/pbrt-v3-spectral/build/CMakeFiles/CMakeTmp/src.cxx normal x86_64 c++ com.apple.compilers.llvm.clang.1_0.compiler (in target: cmTC_16874)
    cd /Users/zhenyiliu/git_repo/pbrt-v3-spectral/build/CMakeFiles/CMakeTmp
    export LANG=en_US.US-ASCII
    /Applications/Xcode.app/Contents/Developer/Toolchains/XcodeDefault.xctoolchain/usr/bin/clang -x c++ -arch x86_64 -fmessage-length=0 -fdiagnostics-show-note-include-stack -fmacro-backtrace-limit=0 -Wno-trigraphs -fpascal-strings -O0 -Wno-missing-field-initializers -Wno-missing-prototypes -Wno-return-type -Wno-non-virtual-dtor -Wno-overloaded-virtual -Wno-exit-time-destructors -Wno-missing-braces -Wparentheses -Wswitch -Wno-unused-function -Wno-unused-label -Wno-unused-parameter -Wno-unused-variable -Wunused-value -Wno-empty-body -Wno-uninitialized -Wno-unknown-pragmas -Wno-shadow -Wno-four-char-constants -Wno-conversion -Wno-constant-conversion -Wno-int-conversion -Wno-bool-conversion -Wno-enum-conversion -Wno-float-conversion -Wno-non-literal-null-conversion -Wno-objc-literal-conversion -Wno-shorten-64-to-32 -Wno-newline-eof -Wno-c++11-extensions -DCMAKE_INTDIR=\"Debug\" -isysroot /Applications/Xcode.app/Contents/Developer/Platforms/MacOSX.platform/Developer/SDKs/MacOSX10.14.sdk -fasm-blocks -fstrict-aliasing -Wdeprecated-declarations -Winvalid-offsetof -mmacosx-version-min=10.14 -g -Wno-sign-conversion -Wno-infinite-recursion -Wno-move -Wno-comma -Wno-block-capture-autoreleasing -Wno-strict-prototypes -Wno-range-loop-analysis -Wno-semicolon-before-method-body -I/Users/zhenyiliu/git_repo/pbrt-v3-spectral/build/CMakeFiles/CMakeTmp/Debug/include -I/Users/zhenyiliu/git_repo/pbrt-v3-spectral/build/CMakeFiles/CMakeTmp/CMAKE_TRY_COMPILE.build/Debug/cmTC_16874.build/DerivedSources/x86_64 -I/Users/zhenyiliu/git_repo/pbrt-v3-spectral/build/CMakeFiles/CMakeTmp/CMAKE_TRY_COMPILE.build/Debug/cmTC_16874.build/DerivedSources -Wmost -Wno-four-char-constants -Wno-unknown-pragmas -F/Users/zhenyiliu/git_repo/pbrt-v3-spectral/build/CMakeFiles/CMakeTmp/Debug -std=c++11 -Wno-deprecated-register -DSTL_NO_NAMESPACE -MMD -MT dependencies -MF /Users/zhenyiliu/git_repo/pbrt-v3-spectral/build/CMakeFiles/CMakeTmp/CMAKE_TRY_COMPILE.build/Debug/cmTC_16874.build/Objects-normal/x86_64/src.d --serialize-diagnostics /Users/zhenyiliu/git_repo/pbrt-v3-spectral/build/CMakeFiles/CMakeTmp/CMAKE_TRY_COMPILE.build/Debug/cmTC_16874.build/Objects-normal/x86_64/src.dia -c /Users/zhenyiliu/git_repo/pbrt-v3-spectral/build/CMakeFiles/CMakeTmp/src.cxx -o /Users/zhenyiliu/git_repo/pbrt-v3-spectral/build/CMakeFiles/CMakeTmp/CMAKE_TRY_COMPILE.build/Debug/cmTC_16874.build/Objects-normal/x86_64/src.o
/Users/zhenyiliu/git_repo/pbrt-v3-spectral/build/CMakeFiles/CMakeTmp/src.cxx:3:1: error: no template named 'vector'; did you mean 'std::vector'?
vector<int> t; int main() { }
^~~~~~

std::vector
In file included from /Users/zhenyiliu/git_repo/pbrt-v3-spectral/build/CMakeFiles/CMakeTmp/src.cxx:2:
/Applications/Xcode.app/Contents/Developer/Toolchains/XcodeDefault.xctoolchain/usr/include/c++/v1/vector:447:28: note: 'std::vector' declared here
class _LIBCPP_TEMPLATE_VIS vector
                           ^
1 error generated.

WriteAuxiliaryFile /Users/zhenyiliu/git_repo/pbrt-v3-spectral/build/CMakeFiles/CMakeTmp/CMAKE_TRY_COMPILE.build/Debug/cmTC_16874.build/Objects-normal/x86_64/cmTC_16874.LinkFileList (in target: cmTC_16874)
    cd /Users/zhenyiliu/git_repo/pbrt-v3-spectral/build/CMakeFiles/CMakeTmp
    write-file /Users/zhenyiliu/git_repo/pbrt-v3-spectral/build/CMakeFiles/CMakeTmp/CMAKE_TRY_COMPILE.build/Debug/cmTC_16874.build/Objects-normal/x86_64/cmTC_16874.LinkFileList

** BUILD FAILED **


The following build commands failed:
	CompileC /Users/zhenyiliu/git_repo/pbrt-v3-spectral/build/CMakeFiles/CMakeTmp/CMAKE_TRY_COMPILE.build/Debug/cmTC_16874.build/Objects-normal/x86_64/src.o /Users/zhenyiliu/git_repo/pbrt-v3-spectral/build/CMakeFiles/CMakeTmp/src.cxx normal x86_64 c++ com.apple.compilers.llvm.clang.1_0.compiler
(1 failure)

Source file was:

#include <vector>
vector<int> t; int main() { }

